<?xml version="1.0" encoding="UTF-8"?>
<!-- Generated by org.testng.reporters.JUnitReportReporter -->
<testsuite hostname="DESKTOP-1TEK3UD" failures="0" tests="3" name="TestNGKeyword.InvocationCountStudy" time="0.033" errors="0" timestamp="2022-06-13T14:48:11 IST" skipped="0">
  <testcase classname="TestNGKeyword.InvocationCountStudy" name="A" time="0.010"/>
  <system-out>
    <![CDATA[A method is Running]]>
  </system-out>
  <testcase classname="TestNGKeyword.InvocationCountStudy" name="A" time="0.004"/>
  <system-out>
    <![CDATA[A method is Running]]>
  </system-out>
  <testcase classname="TestNGKeyword.InvocationCountStudy" name="A" time="0.019"/>
  <system-out>
    <![CDATA[A method is Running]]>
  </system-out>
</testsuite> <!-- TestNGKeyword.InvocationCountStudy -->
