<?xml version="1.0" encoding="UTF-8"?>
<!-- Generated by org.testng.reporters.JUnitReportReporter -->
<testsuite hostname="DESKTOP-1TEK3UD" failures="0" tests="3" name="TestNGXMLStudy.MyTest2" time="0.006" errors="0" timestamp="2022-06-13T15:36:59 IST" skipped="0">
  <testcase classname="TestNGXMLStudy.MyTest2" name="myMethod6" time="0.003"/>
  <system-out>
    <![CDATA[Method6 is Running]]>
  </system-out>
  <testcase classname="TestNGXMLStudy.MyTest2" name="myMethod9" time="0.001"/>
  <system-out>
    <![CDATA[Method9 is Running]]>
  </system-out>
  <testcase classname="TestNGXMLStudy.MyTest2" name="myMethod10" time="0.002"/>
  <system-out>
    <![CDATA[Method10 is Running]]>
  </system-out>
</testsuite> <!-- TestNGXMLStudy.MyTest2 -->
