<?xml version="1.0" encoding="UTF-8"?>
<!-- Generated by org.testng.reporters.JUnitReportReporter -->
<testsuite hostname="DESKTOP-1TEK3UD" failures="0" tests="4" name="TestNGKeyword.PriorityStudy" time="0.031" errors="0" timestamp="2022-06-13T14:59:12 IST" skipped="0">
  <testcase classname="TestNGKeyword.PriorityStudy" name="B" time="0.017"/>
  <system-out>
    <![CDATA[B method is Running]]>
  </system-out>
  <testcase classname="TestNGKeyword.PriorityStudy" name="C" time="0.006"/>
  <system-out>
    <![CDATA[C method is Running]]>
  </system-out>
  <testcase classname="TestNGKeyword.PriorityStudy" name="D" time="0.005"/>
  <system-out>
    <![CDATA[D method is Running]]>
  </system-out>
  <testcase classname="TestNGKeyword.PriorityStudy" name="A" time="0.003"/>
  <system-out>
    <![CDATA[A method is Running]]>
  </system-out>
</testsuite> <!-- TestNGKeyword.PriorityStudy -->
