<?xml version="1.0" encoding="UTF-8"?>
<!-- Generated by org.testng.reporters.JUnitReportReporter -->
<testsuite hostname="DESKTOP-1TEK3UD" failures="0" tests="1" name="TestNGXMLStudy.MyTest4" time="0.022" errors="0" timestamp="2022-06-14T14:49:25 IST" skipped="0">
  <testcase classname="TestNGXMLStudy.MyTest4" name="myMethod6" time="0.022"/>
  <system-out>
    <![CDATA[Method6 is Running]]>
  </system-out>
</testsuite> <!-- TestNGXMLStudy.MyTest4 -->
