<?xml version="1.0" encoding="UTF-8"?>
<!-- Generated by org.testng.reporters.JUnitReportReporter -->
<testsuite hostname="DESKTOP-1TEK3UD" failures="0" tests="1" name="ChromOptions.TestClassPage" time="4.817" errors="0" timestamp="2022-06-18T15:38:01 IST" skipped="0">
  <testcase classname="ChromOptions.TestClassPage" name="ValidateUserID" time="4.817"/>
  <system-out>
    <![CDATA[Validating UserID...
Expected UserID and Actual UserID is matching, TC is Passed]]>
  </system-out>
</testsuite> <!-- ChromOptions.TestClassPage -->
