<?xml version="1.0" encoding="UTF-8"?>
<!-- Generated by org.testng.reporters.JUnitReportReporter -->
<testsuite hostname="DESKTOP-1TEK3UD" failures="0" tests="1" name="VerificationUsingTestNG.NormalExample" time="21.257" errors="0" timestamp="2022-06-15T15:02:04 IST" skipped="0">
  <testcase classname="VerificationUsingTestNG.NormalExample" name="Verification" time="21.257"/>
  <system-out>
    <![CDATA[Checkbox is Selected and TC is Passed]]>
  </system-out>
</testsuite> <!-- VerificationUsingTestNG.NormalExample -->
