<?xml version="1.0" encoding="UTF-8"?>
<!-- Generated by org.testng.reporters.JUnitReportReporter -->
<testsuite hostname="DESKTOP-1TEK3UD" failures="0" tests="2" name="testNGListener.MumbaiTest" time="0.004" errors="0" timestamp="2022-06-26T15:28:55 IST" skipped="0">
  <testcase classname="testNGListener.MumbaiTest" name="Thane" time="0.002"/>
  <system-out>
    <![CDATA[Thane TC is Running
TC is Success...
Success TC Name is Thane]]>
  </system-out>
  <testcase classname="testNGListener.MumbaiTest" name="kalyan" time="0.002"/>
  <system-out>
    <![CDATA[Kalyan TC is Running
TC is Success...
Success TC Name is kalyan]]>
  </system-out>
</testsuite> <!-- testNGListener.MumbaiTest -->
