<?xml version="1.0" encoding="UTF-8"?>
<!-- Generated by org.testng.reporters.JUnitReportReporter -->
<testsuite hostname="DESKTOP-1TEK3UD" failures="0" tests="1" name="SerialAndParallelExecution.SecondClass" time="7.085" errors="0" timestamp="2022-06-14T15:05:40 IST" skipped="0">
  <testcase classname="SerialAndParallelExecution.SecondClass" name="MyMethod2" time="7.085"/>
  <system-out/>
</testsuite> <!-- SerialAndParallelExecution.SecondClass -->
