<?xml version="1.0" encoding="UTF-8"?>
<!-- Generated by org.testng.reporters.JUnitReportReporter -->
<testsuite hostname="DESKTOP-1TEK3UD" failures="0" tests="2" name="TestNG.AnnotationStudy1" time="0.021" errors="0" timestamp="2022-06-13T14:52:12 IST" skipped="0">
  <testcase classname="TestNG.AnnotationStudy1" name="MyTest" time="0.012"/>
  <system-out>
    <![CDATA[Test method is Running]]>
  </system-out>
  <testcase classname="TestNG.AnnotationStudy1" name="MyTest1" time="0.009"/>
  <system-out>
    <![CDATA[Test method1 is Running]]>
  </system-out>
</testsuite> <!-- TestNG.AnnotationStudy1 -->
