<?xml version="1.0" encoding="UTF-8"?>
<!-- Generated by org.testng.reporters.JUnitReportReporter -->
<testsuite hostname="DESKTOP-1TEK3UD" failures="0" tests="1" name="POM1WithExcelUsingTestNG.TestClassPage" time="4.715" errors="0" timestamp="2022-06-18T15:23:31 IST" skipped="0">
  <testcase classname="POM1WithExcelUsingTestNG.TestClassPage" name="ValidateUserID" time="4.715"/>
  <system-out>
    <![CDATA[Validating UserID...
Expected UserID and Actual UserID is matching, TC is Passed]]>
  </system-out>
</testsuite> <!-- POM1WithExcelUsingTestNG.TestClassPage -->
