<?xml version="1.0" encoding="UTF-8"?>
<!-- Generated by org.testng.reporters.JUnitReportReporter -->
<testsuite hostname="DESKTOP-1TEK3UD" failures="0" tests="4" name="TestNGKeyword.EnabledStudy" time="0.024" errors="0" timestamp="2022-06-13T15:01:45 IST" skipped="1">
  <testcase classname="TestNGKeyword.EnabledStudy" name="D" time="0.002"/>
  <system-out>
    <![CDATA[D method is Running]]>
  </system-out>
  <testcase classname="TestNGKeyword.EnabledStudy" name="C" time="0.004"/>
  <system-out>
    <![CDATA[C method is Running]]>
  </system-out>
  <testcase classname="TestNGKeyword.EnabledStudy" name="B" time="0.018"/>
  <system-out>
    <![CDATA[B method is Running]]>
  </system-out>
  <testcase classname="TestNGKeyword.EnabledStudy" name="A">
    <skipped/>
  </testcase> <!-- A -->
  <system-out/>
</testsuite> <!-- TestNGKeyword.EnabledStudy -->
