<?xml version="1.0" encoding="UTF-8"?>
<!-- Generated by org.testng.reporters.JUnitReportReporter -->
<testsuite hostname="DESKTOP-1TEK3UD" failures="0" tests="1" name="TestNG.AnnotationStudy" time="0.009" errors="0" timestamp="2022-06-10T15:29:59 IST" skipped="0">
  <testcase classname="TestNG.AnnotationStudy" name="MyTest" time="0.009"/>
  <system-out>
    <![CDATA[Test method is Running]]>
  </system-out>
</testsuite> <!-- TestNG.AnnotationStudy -->
