<?xml version="1.0" encoding="UTF-8"?>
<!-- Generated by org.testng.reporters.JUnitReportReporter -->
<testsuite hostname="DESKTOP-1TEK3UD" failures="0" tests="1" name="VerificationUsingTestNG.AssertNotEqualsExample" time="0.016" errors="0" timestamp="2022-06-15T14:27:37 IST" skipped="0">
  <testcase classname="VerificationUsingTestNG.AssertNotEqualsExample" name="MyMethod" time="0.016"/>
  <system-out>
    <![CDATA[String is not equal and TC is Passed]]>
  </system-out>
</testsuite> <!-- VerificationUsingTestNG.AssertNotEqualsExample -->
