<?xml version="1.0" encoding="UTF-8"?>
<!-- Generated by org.testng.reporters.JUnitReportReporter -->
<testsuite hostname="DESKTOP-1TEK3UD" failures="0" tests="1" name="SerialAndParallelExecution.FirstClass" time="8.332" errors="0" timestamp="2022-06-14T15:05:40 IST" skipped="0">
  <testcase classname="SerialAndParallelExecution.FirstClass" name="MyMethod1" time="8.332"/>
  <system-out/>
</testsuite> <!-- SerialAndParallelExecution.FirstClass -->
