<?xml version="1.0" encoding="UTF-8"?>
<!-- Generated by org.testng.reporters.JUnitReportReporter -->
<testsuite hostname="DESKTOP-1TEK3UD" failures="0" tests="2" name="TestNGXMLStudy.MyTest" time="0.034" errors="0" timestamp="2022-06-13T15:36:59 IST" skipped="0">
  <testcase classname="TestNGXMLStudy.MyTest" name="myMethod1" time="0.031"/>
  <system-out>
    <![CDATA[Method1 is Running]]>
  </system-out>
  <testcase classname="TestNGXMLStudy.MyTest" name="myMethod2" time="0.003"/>
  <system-out>
    <![CDATA[Method2 is Running]]>
  </system-out>
</testsuite> <!-- TestNGXMLStudy.MyTest -->
