<?xml version="1.0" encoding="UTF-8"?>
<!-- Generated by org.testng.reporters.JUnitReportReporter -->
<testsuite hostname="DESKTOP-1TEK3UD" failures="0" tests="2" name="TestNGXMLStudy.MyTest3" time="0.022" errors="0" timestamp="2022-06-14T14:37:23 IST" skipped="0">
  <testcase classname="TestNGXMLStudy.MyTest3" name="myMethod2" time="0.019"/>
  <system-out>
    <![CDATA[Method2 Regression is Running]]>
  </system-out>
  <testcase classname="TestNGXMLStudy.MyTest3" name="myMethod5" time="0.003"/>
  <system-out>
    <![CDATA[Method5 Regression is Running]]>
  </system-out>
</testsuite> <!-- TestNGXMLStudy.MyTest3 -->
