<?xml version="1.0" encoding="UTF-8"?>
<!-- Generated by org.testng.reporters.JUnitReportReporter -->
<testsuite hostname="DESKTOP-1TEK3UD" failures="0" tests="1" name="VerificationUsingTestNG.AssertEqualsExample" time="0.020" errors="0" timestamp="2022-06-15T14:25:52 IST" skipped="0">
  <testcase classname="VerificationUsingTestNG.AssertEqualsExample" name="MyMethod" time="0.020"/>
  <system-out>
    <![CDATA[String is equal and TC is Passed]]>
  </system-out>
</testsuite> <!-- VerificationUsingTestNG.AssertEqualsExample -->
