<?xml version="1.0" encoding="UTF-8"?>
<!-- Generated by org.testng.reporters.JUnitReportReporter -->
<testsuite hostname="DESKTOP-1TEK3UD" failures="0" tests="3" name="CrossBrowserPOMWithExcelUsingTestNG.TestClassPage" time="26.713" errors="0" timestamp="2022-06-18T15:19:54 IST" skipped="0">
  <testcase classname="CrossBrowserPOMWithExcelUsingTestNG.TestClassPage" name="ValidateUserID" time="7.490"/>
  <system-out>
    <![CDATA[Validating UserID...
Expected UserID and Actual UserID is matching, TC is Passed]]>
  </system-out>
  <testcase classname="CrossBrowserPOMWithExcelUsingTestNG.TestClassPage" name="ValidateUserID" time="9.641"/>
  <system-out>
    <![CDATA[Validating UserID...
Expected UserID and Actual UserID is matching, TC is Passed]]>
  </system-out>
  <testcase classname="CrossBrowserPOMWithExcelUsingTestNG.TestClassPage" name="ValidateUserID" time="9.582"/>
  <system-out>
    <![CDATA[Validating UserID...
Expected UserID and Actual UserID is matching, TC is Passed]]>
  </system-out>
</testsuite> <!-- CrossBrowserPOMWithExcelUsingTestNG.TestClassPage -->
