<?xml version="1.0" encoding="UTF-8"?>
<!-- Generated by org.testng.reporters.JUnitReportReporter -->
<testsuite hostname="DESKTOP-1TEK3UD" failures="0" tests="2" name="CrossBrowserPOMWithExcelUsingTestNG.copy.TestClassPage" time="8.735" errors="0" timestamp="2022-06-18T14:47:34 IST" skipped="0">
  <testcase classname="CrossBrowserPOMWithExcelUsingTestNG.copy.TestClassPage" name="ValidateUserID" time="4.348"/>
  <system-out>
    <![CDATA[Validating UserID...
Expected UserID and Actual UserID is matching, TC is Passed]]>
  </system-out>
  <testcase classname="CrossBrowserPOMWithExcelUsingTestNG.copy.TestClassPage" name="ValidateUserID" time="4.387"/>
  <system-out>
    <![CDATA[Validating UserID...
Expected UserID and Actual UserID is matching, TC is Passed]]>
  </system-out>
</testsuite> <!-- CrossBrowserPOMWithExcelUsingTestNG.copy.TestClassPage -->
