<?xml version="1.0" encoding="UTF-8"?>
<!-- Generated by org.testng.reporters.JUnitReportReporter -->
<testsuite hostname="DESKTOP-1TEK3UD" failures="0" tests="1" name="VerificationUsingTestNG.AssertTrueExample" time="0.025" errors="0" timestamp="2022-06-15T14:36:51 IST" skipped="0">
  <testcase classname="VerificationUsingTestNG.AssertTrueExample" name="myMethod" time="0.025"/>
  <system-out>
    <![CDATA[Value is true and TC is Passed]]>
  </system-out>
</testsuite> <!-- VerificationUsingTestNG.AssertTrueExample -->
