<?xml version="1.0" encoding="UTF-8"?>
<!-- Generated by org.testng.reporters.JUnitReportReporter -->
<testsuite hostname="DESKTOP-1TEK3UD" failures="0" tests="3" name="TestNG.MyFirstClass" time="15.183" errors="0" timestamp="2022-06-10T15:29:59 IST" skipped="0">
  <testcase classname="TestNG.MyFirstClass" name="MyMethod1" time="7.555"/>
  <system-out/>
  <testcase classname="TestNG.MyFirstClass" name="MyMethod2" time="3.791"/>
  <system-out>
    <![CDATA[Method2 is Running....]]>
  </system-out>
  <testcase classname="TestNG.MyFirstClass" name="MyMethod3" time="3.837"/>
  <system-out>
    <![CDATA[Method3 is Running.....]]>
  </system-out>
</testsuite> <!-- TestNG.MyFirstClass -->
