<?xml version="1.0" encoding="UTF-8"?>
<!-- Generated by org.testng.reporters.JUnitReportReporter -->
<testsuite hostname="DESKTOP-1TEK3UD" failures="0" tests="3" name="TestNGKeyword.Combine_KeywordStudy" time="0.032" errors="0" timestamp="2022-06-13T22:01:33 IST" skipped="0">
  <testcase classname="TestNGKeyword.Combine_KeywordStudy" name="B" time="0.013"/>
  <system-out>
    <![CDATA[Method B is Running]]>
  </system-out>
  <testcase classname="TestNGKeyword.Combine_KeywordStudy" name="A" time="0.016"/>
  <system-out>
    <![CDATA[Method A is Running]]>
  </system-out>
  <testcase classname="TestNGKeyword.Combine_KeywordStudy" name="D" time="0.003"/>
  <system-out>
    <![CDATA[Method D is Running]]>
  </system-out>
</testsuite> <!-- TestNGKeyword.Combine_KeywordStudy -->
