<?xml version="1.0" encoding="UTF-8"?>
<!-- Generated by org.testng.reporters.JUnitReportReporter -->
<testsuite hostname="DESKTOP-1TEK3UD" failures="0" tests="1" name="VerificationUsingTestNG.AssertNullExample" time="0.024" errors="0" timestamp="2022-06-15T14:46:38 IST" skipped="0">
  <testcase classname="VerificationUsingTestNG.AssertNullExample" name="myMethod" time="0.024"/>
  <system-out>
    <![CDATA[Value is Null and TC is Passed]]>
  </system-out>
</testsuite> <!-- VerificationUsingTestNG.AssertNullExample -->
